  Player.cpp
c:\users\ryan\documents\visual studio 2015\projects\zombiearena\zombiearena\player.cpp(8): warning C4244: '=': conversion from 'const float' to 'int', possible loss of data
c:\users\ryan\documents\visual studio 2015\projects\zombiearena\zombiearena\player.cpp(9): warning C4244: '=': conversion from 'const float' to 'int', possible loss of data
c:\users\ryan\documents\visual studio 2015\projects\zombiearena\zombiearena\player.cpp(23): warning C4244: '=': conversion from 'const float' to 'int', possible loss of data
c:\users\ryan\documents\visual studio 2015\projects\zombiearena\zombiearena\player.cpp(24): warning C4244: '=': conversion from 'const float' to 'int', possible loss of data
c:\users\ryan\documents\visual studio 2015\projects\zombiearena\zombiearena\player.cpp(30): warning C4244: '=': conversion from 'int' to 'float', possible loss of data
c:\users\ryan\documents\visual studio 2015\projects\zombiearena\zombiearena\player.cpp(31): warning C4244: '=': conversion from 'int' to 'float', possible loss of data
c:\users\ryan\documents\visual studio 2015\projects\zombiearena\zombiearena\player.cpp(163): warning C4244: '=': conversion from 'int' to 'float', possible loss of data
c:\users\ryan\documents\visual studio 2015\projects\zombiearena\zombiearena\player.cpp(168): warning C4244: '=': conversion from 'int' to 'float', possible loss of data
c:\users\ryan\documents\visual studio 2015\projects\zombiearena\zombiearena\player.cpp(173): warning C4244: '=': conversion from 'int' to 'float', possible loss of data
c:\users\ryan\documents\visual studio 2015\projects\zombiearena\zombiearena\player.cpp(178): warning C4244: '=': conversion from 'int' to 'float', possible loss of data
c:\users\ryan\documents\visual studio 2015\projects\zombiearena\zombiearena\player.cpp(185): warning C4244: 'initializing': conversion from 'double' to 'float', possible loss of data
c:\users\ryan\documents\visual studio 2015\projects\zombiearena\zombiearena\player.cpp(193): warning C4244: '+=': conversion from 'double' to 'float', possible loss of data
c:\users\ryan\documents\visual studio 2015\projects\zombiearena\zombiearena\player.cpp(199): warning C4244: '=': conversion from 'double' to 'float', possible loss of data
c:\users\ryan\documents\visual studio 2015\projects\zombiearena\zombiearena\player.cpp(205): warning C4244: '+=': conversion from 'double' to 'int', possible loss of data
  Generating Code...
  Compiling...
  Bullet.cpp
  Generating Code...
  Compiling...
  ZombieArena.cpp
c:\users\ryan\documents\visual studio 2015\projects\zombiearena\zombiearena\zombiearena.cpp(28): warning C4244: '=': conversion from 'unsigned int' to 'float', possible loss of data
c:\users\ryan\documents\visual studio 2015\projects\zombiearena\zombiearena\zombiearena.cpp(29): warning C4244: '=': conversion from 'unsigned int' to 'float', possible loss of data
c:\users\ryan\documents\visual studio 2015\projects\zombiearena\zombiearena\zombiearena.cpp(31): warning C4244: 'argument': conversion from 'float' to 'unsigned int', possible loss of data
c:\users\ryan\documents\visual studio 2015\projects\zombiearena\zombiearena\zombiearena.cpp(729): warning C4244: 'argument': conversion from 'int' to 'float', possible loss of data
  Generating Code...
  ZombieArena.vcxproj -> C:\Users\Ryan\Documents\Visual Studio 2015\Projects\ZombieArena\Debug\ZombieArena.exe
  ZombieArena.vcxproj -> C:\Users\Ryan\Documents\Visual Studio 2015\Projects\ZombieArena\Debug\ZombieArena.pdb (Full PDB)
